<?xml version="1.0" encoding="UTF-8"?><testsuite errors="0" failures="0" name="com.restful.booker.restfullbookersteps.BookingCRUDTest" skipped="0" tests="5" time="7.13" timestamp="2023-06-05T00:17:47.934+01:00[Europe/London]"><testcase classname="com.restful.booker.restfullbookersteps.BookingCRUDTest" name="This will create a new Token"/><testcase classname="com.restful.booker.restfullbookersteps.BookingCRUDTest" name="This will create a new Booking"/><testcase classname="com.restful.booker.restfullbookersteps.BookingCRUDTest" name="This will Update Booking"/><testcase classname="com.restful.booker.restfullbookersteps.BookingCRUDTest" name="This will Get Booking by BookingId"/><testcase classname="com.restful.booker.restfullbookersteps.BookingCRUDTest" name="This will delete Booking by BookingId"/></testsuite>